<?xml version="1.0" encoding="UTF-8"?>
<!-- Generated by org.testng.reporters.JUnitXMLReporter -->
<testsuite hostname="DESKTOP-JBQMMOC" name="Test" tests="58" failures="6" timestamp="1 Jul 2022 12:14:29 GMT" time="716.232" errors="0">
  <testcase name="load_runner" time="15.687" classname="fluttr.flttrScenario1"/>
  <testcase name="load_runner" time="11.861" classname="fluttr.flttrScenario1"/>
  <testcase name="load_runner" time="12.556" classname="fluttr.flttrScenario1"/>
  <testcase name="load_runner" time="16.021" classname="fluttr.flttrScenario1"/>
  <testcase name="load_runner" time="11.536" classname="fluttr.flttrScenario1"/>
  <testcase name="load_runner" time="12.019" classname="fluttr.flttrScenario1"/>
  <testcase name="load_runner" time="12.261" classname="fluttr.flttrScenario1"/>
  <testcase name="load_runner" time="11.34" classname="fluttr.flttrScenario1"/>
  <testcase name="load_runner" time="12.564" classname="fluttr.flttrScenario1"/>
  <testcase name="load_runner" time="11.697" classname="fluttr.flttrScenario1"/>
  <testcase name="load_runner" time="12.041" classname="fluttr.flttrScenario1"/>
  <testcase name="load_runner" time="11.396" classname="fluttr.flttrScenario1"/>
  <testcase name="load_runner" time="11.234" classname="fluttr.flttrScenario1"/>
  <testcase name="load_runner" time="11.186" classname="fluttr.flttrScenario1"/>
  <testcase name="load_runner" time="11.229" classname="fluttr.flttrScenario1"/>
  <testcase name="load_runner" time="11.578" classname="fluttr.flttrScenario1"/>
  <testcase name="load_runner" time="12.707" classname="fluttr.flttrScenario1"/>
  <testcase name="load_runner" time="11.663" classname="fluttr.flttrScenario1"/>
  <testcase name="load_runner" time="11.228" classname="fluttr.flttrScenario1"/>
  <testcase name="load_runner" time="10.978" classname="fluttr.flttrScenario1"/>
  <testcase name="load_runner" time="11.554" classname="fluttr.flttrScenario1"/>
  <testcase name="load_runner" time="11.639" classname="fluttr.flttrScenario1"/>
  <testcase name="load_runner" time="12.038" classname="fluttr.flttrScenario1"/>
  <testcase name="load_runner" time="11.884" classname="fluttr.flttrScenario1"/>
  <testcase name="load_runner" time="11.297" classname="fluttr.flttrScenario1"/>
  <testcase name="load_runner" time="11.456" classname="fluttr.flttrScenario1"/>
  <testcase name="load_runner" time="14.266" classname="fluttr.flttrScenario1"/>
  <testcase name="load_runner" time="11.306" classname="fluttr.flttrScenario1"/>
  <testcase name="load_runner" time="11.727" classname="fluttr.flttrScenario1"/>
  <testcase name="load_runner" time="11.191" classname="fluttr.flttrScenario1"/>
  <testcase name="load_runner" time="11.782" classname="fluttr.flttrScenario1"/>
  <testcase name="load_runner" time="12.166" classname="fluttr.flttrScenario1"/>
  <testcase name="load_runner" time="12.147" classname="fluttr.flttrScenario1"/>
  <testcase name="load_runner" time="11.333" classname="fluttr.flttrScenario1"/>
  <testcase name="load_runner" time="11.523" classname="fluttr.flttrScenario1"/>
  <testcase name="load_runner" time="7.715" classname="fluttr.flttrScenario1">
    <failure type="org.openqa.selenium.WebDriverException" message="unknown error: cannot determine loading status
from unknown error: unexpected command response
  (Session info: chrome=103.0.5060.66)
Build info: version: &amp;apos;unknown&amp;apos;, revision: &amp;apos;unknown&amp;apos;, time: &amp;apos;unknown&amp;apos;
System info: host: &amp;apos;DESKTOP-JBQMMOC&amp;apos;, ip: &amp;apos;192.168.208.1&amp;apos;, os.name: &amp;apos;Windows 10&amp;apos;, os.arch: &amp;apos;amd64&amp;apos;, os.version: &amp;apos;10.0&amp;apos;, java.version: &amp;apos;1.8.0_201&amp;apos;
Driver info: org.openqa.selenium.chrome.ChromeDriver
Capabilities {acceptInsecureCerts: false, browserName: chrome, browserVersion: 103.0.5060.66, chrome: {chromedriverVersion: 103.0.5060.24 (e47b049c438c..., userDataDir: C:\Users\Client\AppData\Loc...}, goog:chromeOptions: {debuggerAddress: localhost:58095}, javascriptEnabled: true, networkConnectionEnabled: false, pageLoadStrategy: normal, platform: WINDOWS, platformName: WINDOWS, proxy: Proxy(manual, http=14.140.1..., setWindowRect: true, strictFileInteractability: false, timeouts: {implicit: 0, pageLoad: 300000, script: 30000}, unhandledPromptBehavior: dismiss and notify, webauthn:extension:credBlob: true, webauthn:extension:largeBlob: true, webauthn:virtualAuthenticators: true}
Session ID: 508a15a23a97d62790ec226f5469eac3">
      <![CDATA[org.openqa.selenium.WebDriverException: unknown error: cannot determine loading status
from unknown error: unexpected command response
  (Session info: chrome=103.0.5060.66)
Build info: version: 'unknown', revision: 'unknown', time: 'unknown'
System info: host: 'DESKTOP-JBQMMOC', ip: '192.168.208.1', os.name: 'Windows 10', os.arch: 'amd64', os.version: '10.0', java.version: '1.8.0_201'
Driver info: org.openqa.selenium.chrome.ChromeDriver
Capabilities {acceptInsecureCerts: false, browserName: chrome, browserVersion: 103.0.5060.66, chrome: {chromedriverVersion: 103.0.5060.24 (e47b049c438c..., userDataDir: C:\Users\Client\AppData\Loc...}, goog:chromeOptions: {debuggerAddress: localhost:58095}, javascriptEnabled: true, networkConnectionEnabled: false, pageLoadStrategy: normal, platform: WINDOWS, platformName: WINDOWS, proxy: Proxy(manual, http=14.140.1..., setWindowRect: true, strictFileInteractability: false, timeouts: {implicit: 0, pageLoad: 300000, script: 30000}, unhandledPromptBehavior: dismiss and notify, webauthn:extension:credBlob: true, webauthn:extension:largeBlob: true, webauthn:virtualAuthenticators: true}
Session ID: 508a15a23a97d62790ec226f5469eac3
	at org.openqa.selenium.remote.http.W3CHttpResponseCodec.createException(W3CHttpResponseCodec.java:187)
	at org.openqa.selenium.remote.http.W3CHttpResponseCodec.decode(W3CHttpResponseCodec.java:122)
	at org.openqa.selenium.remote.http.W3CHttpResponseCodec.decode(W3CHttpResponseCodec.java:49)
	at org.openqa.selenium.remote.HttpCommandExecutor.execute(HttpCommandExecutor.java:158)
	at org.openqa.selenium.remote.service.DriverCommandExecutor.execute(DriverCommandExecutor.java:83)
	at org.openqa.selenium.remote.RemoteWebDriver.execute(RemoteWebDriver.java:552)
	at org.openqa.selenium.remote.RemoteWebDriver.get(RemoteWebDriver.java:277)
	at fluttr.flttrScenario1.load_runner(flttrScenario1.java:29)
	at java.util.concurrent.ThreadPoolExecutor.runWorker(ThreadPoolExecutor.java:1149)
	at java.util.concurrent.ThreadPoolExecutor$Worker.run(ThreadPoolExecutor.java:624)
	at java.lang.Thread.run(Thread.java:748)
... Removed 13 stack frames]]>
    </failure>
  </testcase> <!-- load_runner -->
  <testcase name="load_runner" time="12.647" classname="fluttr.flttrScenario1"/>
  <testcase name="load_runner" time="15.986" classname="fluttr.flttrScenario1"/>
  <testcase name="load_runner" time="12.881" classname="fluttr.flttrScenario1">
    <failure type="org.openqa.selenium.WebDriverException" message="unknown error: cannot determine loading status
from unknown error: unexpected command response
  (Session info: chrome=103.0.5060.66)
Build info: version: &amp;apos;unknown&amp;apos;, revision: &amp;apos;unknown&amp;apos;, time: &amp;apos;unknown&amp;apos;
System info: host: &amp;apos;DESKTOP-JBQMMOC&amp;apos;, ip: &amp;apos;192.168.208.1&amp;apos;, os.name: &amp;apos;Windows 10&amp;apos;, os.arch: &amp;apos;amd64&amp;apos;, os.version: &amp;apos;10.0&amp;apos;, java.version: &amp;apos;1.8.0_201&amp;apos;
Driver info: org.openqa.selenium.chrome.ChromeDriver
Capabilities {acceptInsecureCerts: false, browserName: chrome, browserVersion: 103.0.5060.66, chrome: {chromedriverVersion: 103.0.5060.24 (e47b049c438c..., userDataDir: C:\Users\Client\AppData\Loc...}, goog:chromeOptions: {debuggerAddress: localhost:58251}, javascriptEnabled: true, networkConnectionEnabled: false, pageLoadStrategy: normal, platform: WINDOWS, platformName: WINDOWS, proxy: Proxy(manual, http=173.82.1..., setWindowRect: true, strictFileInteractability: false, timeouts: {implicit: 0, pageLoad: 300000, script: 30000}, unhandledPromptBehavior: dismiss and notify, webauthn:extension:credBlob: true, webauthn:extension:largeBlob: true, webauthn:virtualAuthenticators: true}
Session ID: d8b6f9175137cc6ce04c67b6d4feb7a8">
      <![CDATA[org.openqa.selenium.WebDriverException: unknown error: cannot determine loading status
from unknown error: unexpected command response
  (Session info: chrome=103.0.5060.66)
Build info: version: 'unknown', revision: 'unknown', time: 'unknown'
System info: host: 'DESKTOP-JBQMMOC', ip: '192.168.208.1', os.name: 'Windows 10', os.arch: 'amd64', os.version: '10.0', java.version: '1.8.0_201'
Driver info: org.openqa.selenium.chrome.ChromeDriver
Capabilities {acceptInsecureCerts: false, browserName: chrome, browserVersion: 103.0.5060.66, chrome: {chromedriverVersion: 103.0.5060.24 (e47b049c438c..., userDataDir: C:\Users\Client\AppData\Loc...}, goog:chromeOptions: {debuggerAddress: localhost:58251}, javascriptEnabled: true, networkConnectionEnabled: false, pageLoadStrategy: normal, platform: WINDOWS, platformName: WINDOWS, proxy: Proxy(manual, http=173.82.1..., setWindowRect: true, strictFileInteractability: false, timeouts: {implicit: 0, pageLoad: 300000, script: 30000}, unhandledPromptBehavior: dismiss and notify, webauthn:extension:credBlob: true, webauthn:extension:largeBlob: true, webauthn:virtualAuthenticators: true}
Session ID: d8b6f9175137cc6ce04c67b6d4feb7a8
	at org.openqa.selenium.remote.http.W3CHttpResponseCodec.createException(W3CHttpResponseCodec.java:187)
	at org.openqa.selenium.remote.http.W3CHttpResponseCodec.decode(W3CHttpResponseCodec.java:122)
	at org.openqa.selenium.remote.http.W3CHttpResponseCodec.decode(W3CHttpResponseCodec.java:49)
	at org.openqa.selenium.remote.HttpCommandExecutor.execute(HttpCommandExecutor.java:158)
	at org.openqa.selenium.remote.service.DriverCommandExecutor.execute(DriverCommandExecutor.java:83)
	at org.openqa.selenium.remote.RemoteWebDriver.execute(RemoteWebDriver.java:552)
	at org.openqa.selenium.remote.RemoteWebDriver.get(RemoteWebDriver.java:277)
	at fluttr.flttrScenario1.load_runner(flttrScenario1.java:29)
	at java.util.concurrent.ThreadPoolExecutor.runWorker(ThreadPoolExecutor.java:1149)
	at java.util.concurrent.ThreadPoolExecutor$Worker.run(ThreadPoolExecutor.java:624)
	at java.lang.Thread.run(Thread.java:748)
... Removed 13 stack frames]]>
    </failure>
  </testcase> <!-- load_runner -->
  <testcase name="load_runner" time="11.343" classname="fluttr.flttrScenario1">
    <failure type="org.openqa.selenium.WebDriverException" message="unknown error: cannot determine loading status
from unknown error: unexpected command response
  (Session info: chrome=103.0.5060.66)
Build info: version: &amp;apos;unknown&amp;apos;, revision: &amp;apos;unknown&amp;apos;, time: &amp;apos;unknown&amp;apos;
System info: host: &amp;apos;DESKTOP-JBQMMOC&amp;apos;, ip: &amp;apos;192.168.208.1&amp;apos;, os.name: &amp;apos;Windows 10&amp;apos;, os.arch: &amp;apos;amd64&amp;apos;, os.version: &amp;apos;10.0&amp;apos;, java.version: &amp;apos;1.8.0_201&amp;apos;
Driver info: org.openqa.selenium.chrome.ChromeDriver
Capabilities {acceptInsecureCerts: false, browserName: chrome, browserVersion: 103.0.5060.66, chrome: {chromedriverVersion: 103.0.5060.24 (e47b049c438c..., userDataDir: C:\Users\Client\AppData\Loc...}, goog:chromeOptions: {debuggerAddress: localhost:58304}, javascriptEnabled: true, networkConnectionEnabled: false, pageLoadStrategy: normal, platform: WINDOWS, platformName: WINDOWS, proxy: Proxy(manual, http=47.89.18..., setWindowRect: true, strictFileInteractability: false, timeouts: {implicit: 0, pageLoad: 300000, script: 30000}, unhandledPromptBehavior: dismiss and notify, webauthn:extension:credBlob: true, webauthn:extension:largeBlob: true, webauthn:virtualAuthenticators: true}
Session ID: 33859b10c748c1add171202e07383b20">
      <![CDATA[org.openqa.selenium.WebDriverException: unknown error: cannot determine loading status
from unknown error: unexpected command response
  (Session info: chrome=103.0.5060.66)
Build info: version: 'unknown', revision: 'unknown', time: 'unknown'
System info: host: 'DESKTOP-JBQMMOC', ip: '192.168.208.1', os.name: 'Windows 10', os.arch: 'amd64', os.version: '10.0', java.version: '1.8.0_201'
Driver info: org.openqa.selenium.chrome.ChromeDriver
Capabilities {acceptInsecureCerts: false, browserName: chrome, browserVersion: 103.0.5060.66, chrome: {chromedriverVersion: 103.0.5060.24 (e47b049c438c..., userDataDir: C:\Users\Client\AppData\Loc...}, goog:chromeOptions: {debuggerAddress: localhost:58304}, javascriptEnabled: true, networkConnectionEnabled: false, pageLoadStrategy: normal, platform: WINDOWS, platformName: WINDOWS, proxy: Proxy(manual, http=47.89.18..., setWindowRect: true, strictFileInteractability: false, timeouts: {implicit: 0, pageLoad: 300000, script: 30000}, unhandledPromptBehavior: dismiss and notify, webauthn:extension:credBlob: true, webauthn:extension:largeBlob: true, webauthn:virtualAuthenticators: true}
Session ID: 33859b10c748c1add171202e07383b20
	at org.openqa.selenium.remote.http.W3CHttpResponseCodec.createException(W3CHttpResponseCodec.java:187)
	at org.openqa.selenium.remote.http.W3CHttpResponseCodec.decode(W3CHttpResponseCodec.java:122)
	at org.openqa.selenium.remote.http.W3CHttpResponseCodec.decode(W3CHttpResponseCodec.java:49)
	at org.openqa.selenium.remote.HttpCommandExecutor.execute(HttpCommandExecutor.java:158)
	at org.openqa.selenium.remote.service.DriverCommandExecutor.execute(DriverCommandExecutor.java:83)
	at org.openqa.selenium.remote.RemoteWebDriver.execute(RemoteWebDriver.java:552)
	at org.openqa.selenium.remote.RemoteWebDriver.get(RemoteWebDriver.java:277)
	at fluttr.flttrScenario1.load_runner(flttrScenario1.java:29)
	at java.util.concurrent.ThreadPoolExecutor.runWorker(ThreadPoolExecutor.java:1149)
	at java.util.concurrent.ThreadPoolExecutor$Worker.run(ThreadPoolExecutor.java:624)
	at java.lang.Thread.run(Thread.java:748)
... Removed 13 stack frames]]>
    </failure>
  </testcase> <!-- load_runner -->
  <testcase name="load_runner" time="18.112" classname="fluttr.flttrScenario1"/>
  <testcase name="load_runner" time="12.684" classname="fluttr.flttrScenario1"/>
  <testcase name="load_runner" time="13.242" classname="fluttr.flttrScenario1"/>
  <testcase name="load_runner" time="8.984" classname="fluttr.flttrScenario1">
    <failure type="org.openqa.selenium.WebDriverException" message="unknown error: cannot determine loading status
from unknown error: unexpected command response
  (Session info: chrome=103.0.5060.66)
Build info: version: &amp;apos;unknown&amp;apos;, revision: &amp;apos;unknown&amp;apos;, time: &amp;apos;unknown&amp;apos;
System info: host: &amp;apos;DESKTOP-JBQMMOC&amp;apos;, ip: &amp;apos;192.168.208.1&amp;apos;, os.name: &amp;apos;Windows 10&amp;apos;, os.arch: &amp;apos;amd64&amp;apos;, os.version: &amp;apos;10.0&amp;apos;, java.version: &amp;apos;1.8.0_201&amp;apos;
Driver info: org.openqa.selenium.chrome.ChromeDriver
Capabilities {acceptInsecureCerts: false, browserName: chrome, browserVersion: 103.0.5060.66, chrome: {chromedriverVersion: 103.0.5060.24 (e47b049c438c..., userDataDir: C:\Users\Client\AppData\Loc...}, goog:chromeOptions: {debuggerAddress: localhost:59179}, javascriptEnabled: true, networkConnectionEnabled: false, pageLoadStrategy: normal, platform: WINDOWS, platformName: WINDOWS, proxy: Proxy(manual, http=103.174...., setWindowRect: true, strictFileInteractability: false, timeouts: {implicit: 0, pageLoad: 300000, script: 30000}, unhandledPromptBehavior: dismiss and notify, webauthn:extension:credBlob: true, webauthn:extension:largeBlob: true, webauthn:virtualAuthenticators: true}
Session ID: c34062e75c5bb01b3e422ae58263450c">
      <![CDATA[org.openqa.selenium.WebDriverException: unknown error: cannot determine loading status
from unknown error: unexpected command response
  (Session info: chrome=103.0.5060.66)
Build info: version: 'unknown', revision: 'unknown', time: 'unknown'
System info: host: 'DESKTOP-JBQMMOC', ip: '192.168.208.1', os.name: 'Windows 10', os.arch: 'amd64', os.version: '10.0', java.version: '1.8.0_201'
Driver info: org.openqa.selenium.chrome.ChromeDriver
Capabilities {acceptInsecureCerts: false, browserName: chrome, browserVersion: 103.0.5060.66, chrome: {chromedriverVersion: 103.0.5060.24 (e47b049c438c..., userDataDir: C:\Users\Client\AppData\Loc...}, goog:chromeOptions: {debuggerAddress: localhost:59179}, javascriptEnabled: true, networkConnectionEnabled: false, pageLoadStrategy: normal, platform: WINDOWS, platformName: WINDOWS, proxy: Proxy(manual, http=103.174...., setWindowRect: true, strictFileInteractability: false, timeouts: {implicit: 0, pageLoad: 300000, script: 30000}, unhandledPromptBehavior: dismiss and notify, webauthn:extension:credBlob: true, webauthn:extension:largeBlob: true, webauthn:virtualAuthenticators: true}
Session ID: c34062e75c5bb01b3e422ae58263450c
	at org.openqa.selenium.remote.http.W3CHttpResponseCodec.createException(W3CHttpResponseCodec.java:187)
	at org.openqa.selenium.remote.http.W3CHttpResponseCodec.decode(W3CHttpResponseCodec.java:122)
	at org.openqa.selenium.remote.http.W3CHttpResponseCodec.decode(W3CHttpResponseCodec.java:49)
	at org.openqa.selenium.remote.HttpCommandExecutor.execute(HttpCommandExecutor.java:158)
	at org.openqa.selenium.remote.service.DriverCommandExecutor.execute(DriverCommandExecutor.java:83)
	at org.openqa.selenium.remote.RemoteWebDriver.execute(RemoteWebDriver.java:552)
	at org.openqa.selenium.remote.RemoteWebDriver.get(RemoteWebDriver.java:277)
	at fluttr.flttrScenario1.load_runner(flttrScenario1.java:29)
	at java.util.concurrent.ThreadPoolExecutor.runWorker(ThreadPoolExecutor.java:1149)
	at java.util.concurrent.ThreadPoolExecutor$Worker.run(ThreadPoolExecutor.java:624)
	at java.lang.Thread.run(Thread.java:748)
... Removed 13 stack frames]]>
    </failure>
  </testcase> <!-- load_runner -->
  <testcase name="load_runner" time="13.734" classname="fluttr.flttrScenario1"/>
  <testcase name="load_runner" time="10.064" classname="fluttr.flttrScenario1">
    <failure type="org.openqa.selenium.WebDriverException" message="unknown error: unexpected command response
  (Session info: chrome=103.0.5060.66)
Build info: version: &amp;apos;unknown&amp;apos;, revision: &amp;apos;unknown&amp;apos;, time: &amp;apos;unknown&amp;apos;
System info: host: &amp;apos;DESKTOP-JBQMMOC&amp;apos;, ip: &amp;apos;192.168.208.1&amp;apos;, os.name: &amp;apos;Windows 10&amp;apos;, os.arch: &amp;apos;amd64&amp;apos;, os.version: &amp;apos;10.0&amp;apos;, java.version: &amp;apos;1.8.0_201&amp;apos;
Driver info: org.openqa.selenium.chrome.ChromeDriver
Capabilities {acceptInsecureCerts: false, browserName: chrome, browserVersion: 103.0.5060.66, chrome: {chromedriverVersion: 103.0.5060.24 (e47b049c438c..., userDataDir: C:\Users\Client\AppData\Loc...}, goog:chromeOptions: {debuggerAddress: localhost:59375}, javascriptEnabled: true, networkConnectionEnabled: false, pageLoadStrategy: normal, platform: WINDOWS, platformName: WINDOWS, proxy: Proxy(manual, http=182.72.1..., setWindowRect: true, strictFileInteractability: false, timeouts: {implicit: 0, pageLoad: 300000, script: 30000}, unhandledPromptBehavior: dismiss and notify, webauthn:extension:credBlob: true, webauthn:extension:largeBlob: true, webauthn:virtualAuthenticators: true}
Session ID: 158ed7ebedd9f7390a14baf8d96bf7fc">
      <![CDATA[org.openqa.selenium.WebDriverException: unknown error: unexpected command response
  (Session info: chrome=103.0.5060.66)
Build info: version: 'unknown', revision: 'unknown', time: 'unknown'
System info: host: 'DESKTOP-JBQMMOC', ip: '192.168.208.1', os.name: 'Windows 10', os.arch: 'amd64', os.version: '10.0', java.version: '1.8.0_201'
Driver info: org.openqa.selenium.chrome.ChromeDriver
Capabilities {acceptInsecureCerts: false, browserName: chrome, browserVersion: 103.0.5060.66, chrome: {chromedriverVersion: 103.0.5060.24 (e47b049c438c..., userDataDir: C:\Users\Client\AppData\Loc...}, goog:chromeOptions: {debuggerAddress: localhost:59375}, javascriptEnabled: true, networkConnectionEnabled: false, pageLoadStrategy: normal, platform: WINDOWS, platformName: WINDOWS, proxy: Proxy(manual, http=182.72.1..., setWindowRect: true, strictFileInteractability: false, timeouts: {implicit: 0, pageLoad: 300000, script: 30000}, unhandledPromptBehavior: dismiss and notify, webauthn:extension:credBlob: true, webauthn:extension:largeBlob: true, webauthn:virtualAuthenticators: true}
Session ID: 158ed7ebedd9f7390a14baf8d96bf7fc
	at org.openqa.selenium.remote.http.W3CHttpResponseCodec.createException(W3CHttpResponseCodec.java:187)
	at org.openqa.selenium.remote.http.W3CHttpResponseCodec.decode(W3CHttpResponseCodec.java:122)
	at org.openqa.selenium.remote.http.W3CHttpResponseCodec.decode(W3CHttpResponseCodec.java:49)
	at org.openqa.selenium.remote.HttpCommandExecutor.execute(HttpCommandExecutor.java:158)
	at org.openqa.selenium.remote.service.DriverCommandExecutor.execute(DriverCommandExecutor.java:83)
	at org.openqa.selenium.remote.RemoteWebDriver.execute(RemoteWebDriver.java:552)
	at org.openqa.selenium.remote.RemoteWebDriver.get(RemoteWebDriver.java:277)
	at fluttr.flttrScenario1.load_runner(flttrScenario1.java:29)
	at java.util.concurrent.ThreadPoolExecutor.runWorker(ThreadPoolExecutor.java:1149)
	at java.util.concurrent.ThreadPoolExecutor$Worker.run(ThreadPoolExecutor.java:624)
	at java.lang.Thread.run(Thread.java:748)
... Removed 13 stack frames]]>
    </failure>
  </testcase> <!-- load_runner -->
  <testcase name="load_runner" time="15.705" classname="fluttr.flttrScenario1"/>
  <testcase name="load_runner" time="13.386" classname="fluttr.flttrScenario1"/>
  <testcase name="load_runner" time="11.562" classname="fluttr.flttrScenario1"/>
  <testcase name="load_runner" time="12.682" classname="fluttr.flttrScenario1"/>
  <testcase name="load_runner" time="12.926" classname="fluttr.flttrScenario1"/>
  <testcase name="load_runner" time="8.772" classname="fluttr.flttrScenario1">
    <failure type="org.openqa.selenium.WebDriverException" message="unknown error: cannot determine loading status
from unknown error: unexpected command response
  (Session info: chrome=103.0.5060.66)
Build info: version: &amp;apos;unknown&amp;apos;, revision: &amp;apos;unknown&amp;apos;, time: &amp;apos;unknown&amp;apos;
System info: host: &amp;apos;DESKTOP-JBQMMOC&amp;apos;, ip: &amp;apos;192.168.208.1&amp;apos;, os.name: &amp;apos;Windows 10&amp;apos;, os.arch: &amp;apos;amd64&amp;apos;, os.version: &amp;apos;10.0&amp;apos;, java.version: &amp;apos;1.8.0_201&amp;apos;
Driver info: org.openqa.selenium.chrome.ChromeDriver
Capabilities {acceptInsecureCerts: false, browserName: chrome, browserVersion: 103.0.5060.66, chrome: {chromedriverVersion: 103.0.5060.24 (e47b049c438c..., userDataDir: C:\Users\Client\AppData\Loc...}, goog:chromeOptions: {debuggerAddress: localhost:59672}, javascriptEnabled: true, networkConnectionEnabled: false, pageLoadStrategy: normal, platform: WINDOWS, platformName: WINDOWS, proxy: Proxy(manual, http=14.140.1..., setWindowRect: true, strictFileInteractability: false, timeouts: {implicit: 0, pageLoad: 300000, script: 30000}, unhandledPromptBehavior: dismiss and notify, webauthn:extension:credBlob: true, webauthn:extension:largeBlob: true, webauthn:virtualAuthenticators: true}
Session ID: d579ff79c401433422dbb0562d5b9457">
      <![CDATA[org.openqa.selenium.WebDriverException: unknown error: cannot determine loading status
from unknown error: unexpected command response
  (Session info: chrome=103.0.5060.66)
Build info: version: 'unknown', revision: 'unknown', time: 'unknown'
System info: host: 'DESKTOP-JBQMMOC', ip: '192.168.208.1', os.name: 'Windows 10', os.arch: 'amd64', os.version: '10.0', java.version: '1.8.0_201'
Driver info: org.openqa.selenium.chrome.ChromeDriver
Capabilities {acceptInsecureCerts: false, browserName: chrome, browserVersion: 103.0.5060.66, chrome: {chromedriverVersion: 103.0.5060.24 (e47b049c438c..., userDataDir: C:\Users\Client\AppData\Loc...}, goog:chromeOptions: {debuggerAddress: localhost:59672}, javascriptEnabled: true, networkConnectionEnabled: false, pageLoadStrategy: normal, platform: WINDOWS, platformName: WINDOWS, proxy: Proxy(manual, http=14.140.1..., setWindowRect: true, strictFileInteractability: false, timeouts: {implicit: 0, pageLoad: 300000, script: 30000}, unhandledPromptBehavior: dismiss and notify, webauthn:extension:credBlob: true, webauthn:extension:largeBlob: true, webauthn:virtualAuthenticators: true}
Session ID: d579ff79c401433422dbb0562d5b9457
	at org.openqa.selenium.remote.http.W3CHttpResponseCodec.createException(W3CHttpResponseCodec.java:187)
	at org.openqa.selenium.remote.http.W3CHttpResponseCodec.decode(W3CHttpResponseCodec.java:122)
	at org.openqa.selenium.remote.http.W3CHttpResponseCodec.decode(W3CHttpResponseCodec.java:49)
	at org.openqa.selenium.remote.HttpCommandExecutor.execute(HttpCommandExecutor.java:158)
	at org.openqa.selenium.remote.service.DriverCommandExecutor.execute(DriverCommandExecutor.java:83)
	at org.openqa.selenium.remote.RemoteWebDriver.execute(RemoteWebDriver.java:552)
	at org.openqa.selenium.remote.RemoteWebDriver.get(RemoteWebDriver.java:277)
	at fluttr.flttrScenario1.load_runner(flttrScenario1.java:29)
	at java.util.concurrent.ThreadPoolExecutor.runWorker(ThreadPoolExecutor.java:1149)
	at java.util.concurrent.ThreadPoolExecutor$Worker.run(ThreadPoolExecutor.java:624)
	at java.lang.Thread.run(Thread.java:748)
... Removed 13 stack frames]]>
    </failure>
  </testcase> <!-- load_runner -->
  <testcase name="load_runner" time="14.438" classname="fluttr.flttrScenario1"/>
  <testcase name="load_runner" time="13.938" classname="fluttr.flttrScenario1"/>
  <testcase name="load_runner" time="13.891" classname="fluttr.flttrScenario1"/>
  <testcase name="load_runner" time="13.515" classname="fluttr.flttrScenario1"/>
  <testcase name="load_runner" time="12.816" classname="fluttr.flttrScenario1"/>
  <testcase name="load_runner" time="14.897" classname="fluttr.flttrScenario1"/>
</testsuite> <!-- Test -->
