<?xml version="1.0" encoding="UTF-8"?>
<!-- Generated by org.testng.reporters.JUnitXMLReporter -->
<testsuite hostname="DESKTOP-JBQMMOC" name="Test" tests="13" failures="0" timestamp="29 Jun 2022 10:42:00 GMT" time="1134.324" errors="0">
  <testcase name="Testcases_craete_campings_youtube" time="67.312" classname="Testcases_Influencer_suite.Testcases_influencer_suite_campings"/>
  <testcase name="Testcases_craete_campings_instagram" time="50.851" classname="Testcases_Influencer_suite.Testcases_influencer_suite_campings"/>
  <testcase name="Testcases_craete_campings_verify_martics" time="54.501" classname="Testcases_Influencer_suite.Testcases_influencer_suite_campings"/>
  <testcase name="Testcases_curate_list_filters" time="53.686" classname="Testcases_Influencer_suite.Testcases_influencer_suite_List"/>
  <testcase name="Testcases_add_List_curate" time="46.588" classname="Testcases_Influencer_suite.Testcases_influencer_suite_List"/>
  <testcase name="Testcases_search_edit_delete" time="43.804" classname="Testcases_Influencer_suite.Testcases_influencer_suite_List"/>
  <testcase name="Testcase_linfluencer_main" time="105.723" classname="Testcases_Influencer_suite.Testcases_influencer_suite_List"/>
  <testcase name="Testcases_influencer_smart_search_instagram" time="95.628" classname="Testcases_Influencer_suite.Testcases_influencer_suite_List"/>
  <testcase name="Testcases_influencer_smart_search_youtube" time="74.571" classname="Testcases_Influencer_suite.Testcases_influencer_suite_List"/>
  <testcase name="Testcases_Advance_fillter_Testing_Instagram" time="48.356" classname="Testcases_Influencer_suite.Testcases_influencer_suite_List"/>
  <testcase name="Testcases_Advance_fillter_Testing_Youtube" time="39.823" classname="Testcases_Influencer_suite.Testcases_influencer_suite_List"/>
  <testcase name="Testcases_view_summery_curate_cards" time="47.774" classname="Testcases_Influencer_suite.Testcases_influencer_suite_List"/>
  <testcase name="Testcases_influencer_smart_search_Twitter" time="82.204" classname="Testcases_Influencer_suite.Testcases_influencer_suite_List"/>
</testsuite> <!-- Test -->
