<?xml version="1.0" encoding="UTF-8"?>
<!-- Generated by org.testng.reporters.JUnitXMLReporter -->
<testsuite hostname="DESKTOP-JBQMMOC" name="Test" tests="7" failures="0" timestamp="15 Jul 2022 06:38:19 GMT" time="1298.007" errors="0">
  <testcase name="Testcases_Handle_IG_add_and_delete" time="64.24" classname="Testcases_Influencer_Tracking.TestCases_Influencer_Track"/>
  <testcase name="Testcases_influencer_tracking_IG_metrics_validation" time="231.311" classname="Testcases_Influencer_Tracking.TestCases_Influencer_Track"/>
  <testcase name="Testcases_influencer_tracking_TW_metrics_validation" time="192.432" classname="Testcases_Influencer_Tracking.TestCases_Influencer_Track"/>
  <testcase name="Testcases_influencer_tracking_YT_metrics_validation" time="173.235" classname="Testcases_Influencer_Tracking.TestCases_Influencer_Track"/>
  <testcase name="Testcases_influencer_tracking_manually_add_influencer" time="42.013" classname="Testcases_Influencer_Tracking.TestCases_Influencer_Track"/>
  <testcase name="Testcase_Create_report_brand_safty" time="235.596" classname="Testcases_Reports.Testcases_create_report_infltracking_brand_safty"/>
  <testcase name="Testcases_brand_safty" time="32.074" classname="Testcases_Reports.Testcases_create_report_infltracking_brand_safty"/>
</testsuite> <!-- Test -->
